<?xml version="1.0" encoding="UTF-8"?>
<!-- Generated by org.testng.reporters.JUnitReportReporter -->
<testsuite hostname="DESKTOP-MFJDOAL" failures="0" tests="8" name="com.Day9.C1.Day_9_Listeners_DP_PE.Calculator_C1" time="0.013" errors="0" timestamp="2023-06-05T12:55:19 IST" skipped="0">
  <testcase classname="com.Day9.C1.Day_9_Listeners_DP_PE.Calculator_C1" name="add" time="0.001"/>
  <system-out/>
  <testcase classname="com.Day9.C1.Day_9_Listeners_DP_PE.Calculator_C1" name="divide" time="0.001"/>
  <system-out/>
  <testcase classname="com.Day9.C1.Day_9_Listeners_DP_PE.Calculator_C1" name="add" time="0.009"/>
  <system-out/>
  <testcase classname="com.Day9.C1.Day_9_Listeners_DP_PE.Calculator_C1" name="multiply" time="0.000"/>
  <system-out/>
  <testcase classname="com.Day9.C1.Day_9_Listeners_DP_PE.Calculator_C1" name="sub" time="0.001"/>
  <system-out/>
  <testcase classname="com.Day9.C1.Day_9_Listeners_DP_PE.Calculator_C1" name="divide" time="0.000"/>
  <system-out/>
  <testcase classname="com.Day9.C1.Day_9_Listeners_DP_PE.Calculator_C1" name="multiply" time="0.001"/>
  <system-out/>
  <testcase classname="com.Day9.C1.Day_9_Listeners_DP_PE.Calculator_C1" name="sub" time="0.000"/>
  <system-out/>
</testsuite> <!-- com.Day9.C1.Day_9_Listeners_DP_PE.Calculator_C1 -->
